Temp/gradleOut/launcher/build/intermediates/manifest_merge_blame_file/release/manifest-merger-blame-release-report.txt
1<?xml version="1.0" encoding="utf-8"?>
2<!-- GENERATED BY UNITY. REMOVE THIS COMMENT TO PREVENT OVERWRITING WHEN EXPORTING AGAIN -->
3<manifest xmlns:android="http://schemas.android.com/apk/res/android"
4    package="com.QuadCenGame.PaintHit"
5    android:installLocation="preferExternal"
6    android:versionCode="9"
7    android:versionName="0.9" >
8
9    <uses-sdk
10        android:minSdkVersion="22"
10-->src\main\AndroidManifest.xml
11        android:targetSdkVersion="30" />
11-->src\main\AndroidManifest.xml
12
13    <supports-screens
13-->src\main\AndroidManifest.xml:4:3-163
14        android:anyDensity="true"
14-->src\main\AndroidManifest.xml:4:135-160
15        android:largeScreens="true"
15-->src\main\AndroidManifest.xml:4:78-105
16        android:normalScreens="true"
16-->src\main\AndroidManifest.xml:4:49-77
17        android:smallScreens="true"
17-->src\main\AndroidManifest.xml:4:21-48
18        android:xlargeScreens="true" />
18-->src\main\AndroidManifest.xml:4:106-134
19
20    <uses-feature android:glEsVersion="0x00030000" />
20-->[:unityLibrary] AndroidManifest.xml:13:5-54
20-->[:unityLibrary] AndroidManifest.xml:13:19-51
21    <uses-feature
21-->[:unityLibrary] AndroidManifest.xml:14:5-16:36
22        android:name="android.hardware.vulkan.version"
22-->[:unityLibrary] AndroidManifest.xml:15:9-55
23        android:required="false" />
23-->[:unityLibrary] AndroidManifest.xml:16:9-33
24    <uses-feature
24-->[:unityLibrary] AndroidManifest.xml:17:5-19:36
25        android:name="android.hardware.touchscreen"
25-->[:unityLibrary] AndroidManifest.xml:18:9-52
26        android:required="false" />
26-->[:unityLibrary] AndroidManifest.xml:19:9-33
27    <uses-feature
27-->[:unityLibrary] AndroidManifest.xml:20:5-22:36
28        android:name="android.hardware.touchscreen.multitouch"
28-->[:unityLibrary] AndroidManifest.xml:21:9-63
29        android:required="false" />
29-->[:unityLibrary] AndroidManifest.xml:22:9-33
30    <uses-feature
30-->[:unityLibrary] AndroidManifest.xml:23:5-25:36
31        android:name="android.hardware.touchscreen.multitouch.distinct"
31-->[:unityLibrary] AndroidManifest.xml:24:9-72
32        android:required="false" />
32-->[:unityLibrary] AndroidManifest.xml:25:9-33
33
34    <uses-permission android:name="android.permission.WAKE_LOCK" />
34-->[:androidx.work.work-runtime-2.7.0:] AndroidManifest.xml:19:3-66
34-->[:androidx.work.work-runtime-2.7.0:] AndroidManifest.xml:19:20-63
35    <uses-permission android:name="android.permission.ACCESS_NETWORK_STATE" />
35-->[:androidx.work.work-runtime-2.7.0:] AndroidManifest.xml:20:3-77
35-->[:androidx.work.work-runtime-2.7.0:] AndroidManifest.xml:20:20-74
36    <uses-permission android:name="android.permission.RECEIVE_BOOT_COMPLETED" />
36-->[:androidx.work.work-runtime-2.7.0:] AndroidManifest.xml:21:3-79
36-->[:androidx.work.work-runtime-2.7.0:] AndroidManifest.xml:21:20-76
37    <uses-permission android:name="android.permission.FOREGROUND_SERVICE" /> <!-- Include required permissions for Advertising Id -->
37-->[:androidx.work.work-runtime-2.7.0:] AndroidManifest.xml:22:3-75
37-->[:androidx.work.work-runtime-2.7.0:] AndroidManifest.xml:22:20-72
38    <uses-permission android:name="com.google.android.gms.permission.AD_ID" /> <!-- Include required permissions for Google Mobile Ads to run -->
38-->[:com.google.android.gms.play-services-ads-identifier-18.0.0:] AndroidManifest.xml:23:5-79
38-->[:com.google.android.gms.play-services-ads-identifier-18.0.0:] AndroidManifest.xml:23:22-76
39    <uses-permission android:name="android.permission.INTERNET" /> <!-- Android package visibility setting -->
39-->[:com.google.android.gms.play-services-ads-lite-21.0.0:] AndroidManifest.xml:20:3-65
39-->[:com.google.android.gms.play-services-ads-lite-21.0.0:] AndroidManifest.xml:20:20-62
40    <queries>
40-->[:com.google.android.gms.play-services-ads-lite-21.0.0:] AndroidManifest.xml:24:3-37:13
41
42        <!-- For browser content -->
43        <intent>
43-->[:com.google.android.gms.play-services-ads-lite-21.0.0:] AndroidManifest.xml:26:5-30:14
44            <action android:name="android.intent.action.VIEW" />
44-->[:com.google.android.gms.play-services-ads-lite-21.0.0:] AndroidManifest.xml:27:7-59
44-->[:com.google.android.gms.play-services-ads-lite-21.0.0:] AndroidManifest.xml:27:15-56
45
46            <category android:name="android.intent.category.BROWSABLE" />
46-->[:com.google.android.gms.play-services-ads-lite-21.0.0:] AndroidManifest.xml:28:7-68
46-->[:com.google.android.gms.play-services-ads-lite-21.0.0:] AndroidManifest.xml:28:17-65
47
48            <data android:scheme="https" />
48-->[:com.google.android.gms.play-services-ads-lite-21.0.0:] AndroidManifest.xml:29:7-38
48-->[:com.google.android.gms.play-services-ads-lite-21.0.0:] AndroidManifest.xml:29:13-35
49        </intent>
50        <!-- End of browser content -->
51        <!-- For CustomTabsService -->
52        <intent>
52-->[:com.google.android.gms.play-services-ads-lite-21.0.0:] AndroidManifest.xml:26:5-30:14
53            <action android:name="android.support.customtabs.action.CustomTabsService" />
54        </intent>
55        <!-- End of CustomTabsService -->
56    </queries>
57
58    <application
58-->src\main\AndroidManifest.xml:5:3-116
59        android:appComponentFactory="androidx.core.app.CoreComponentFactory"
59-->[:androidx.core.core-1.6.0:] AndroidManifest.xml:24:18-86
60        android:extractNativeLibs="true"
60-->src\main\AndroidManifest.xml:5:16-48
61        android:icon="@mipmap/app_icon"
61-->src\main\AndroidManifest.xml:5:82-113
62        android:label="@string/app_name" >
62-->src\main\AndroidManifest.xml:5:49-81
63        <activity
63-->[:unityLibrary] AndroidManifest.xml:28:9-48:20
64            android:name="com.unity3d.player.UnityPlayerActivity"
64-->[:unityLibrary] AndroidManifest.xml:29:13-66
65            android:configChanges="mcc|mnc|locale|touchscreen|keyboard|keyboardHidden|navigation|orientation|screenLayout|uiMode|screenSize|smallestScreenSize|fontScale|layoutDirection|density"
65-->[:unityLibrary] AndroidManifest.xml:30:13-194
66            android:hardwareAccelerated="false"
66-->[:unityLibrary] AndroidManifest.xml:31:13-48
67            android:launchMode="singleTask"
67-->[:unityLibrary] AndroidManifest.xml:32:13-44
68            android:resizeableActivity="false"
68-->[:unityLibrary] AndroidManifest.xml:33:13-47
69            android:screenOrientation="portrait"
69-->[:unityLibrary] AndroidManifest.xml:34:13-49
70            android:theme="@style/UnityThemeSelector" >
70-->[:unityLibrary] AndroidManifest.xml:35:13-54
71            <intent-filter>
71-->[:unityLibrary] AndroidManifest.xml:36:13-40:29
72                <action android:name="android.intent.action.MAIN" />
72-->[:unityLibrary] AndroidManifest.xml:37:17-69
72-->[:unityLibrary] AndroidManifest.xml:37:25-66
73
74                <category android:name="android.intent.category.LAUNCHER" />
74-->[:unityLibrary] AndroidManifest.xml:39:17-77
74-->[:unityLibrary] AndroidManifest.xml:39:27-74
75            </intent-filter>
76
77            <meta-data
77-->[:unityLibrary] AndroidManifest.xml:42:13-44:40
78                android:name="unityplayer.UnityActivity"
78-->[:unityLibrary] AndroidManifest.xml:43:17-57
79                android:value="true" />
79-->[:unityLibrary] AndroidManifest.xml:44:17-37
80            <meta-data
80-->[:unityLibrary] AndroidManifest.xml:45:13-47:40
81                android:name="android.notch_support"
81-->[:unityLibrary] AndroidManifest.xml:46:17-53
82                android:value="true" />
82-->[:unityLibrary] AndroidManifest.xml:47:17-37
83        </activity>
84
85        <meta-data
85-->[:unityLibrary] AndroidManifest.xml:50:9-52:33
86            android:name="unity.splash-mode"
86-->[:unityLibrary] AndroidManifest.xml:51:13-45
87            android:value="0" />
87-->[:unityLibrary] AndroidManifest.xml:52:13-30
88        <meta-data
88-->[:unityLibrary] AndroidManifest.xml:53:9-55:36
89            android:name="unity.splash-enable"
89-->[:unityLibrary] AndroidManifest.xml:54:13-47
90            android:value="True" />
90-->[:unityLibrary] AndroidManifest.xml:55:13-33
91        <meta-data
91-->[:unityLibrary] AndroidManifest.xml:56:9-58:36
92            android:name="unity.launch-fullscreen"
92-->[:unityLibrary] AndroidManifest.xml:57:13-51
93            android:value="True" />
93-->[:unityLibrary] AndroidManifest.xml:58:13-33
94        <meta-data
94-->[:unityLibrary] AndroidManifest.xml:59:9-61:37
95            android:name="unity.allow-resizable-window"
95-->[:unityLibrary] AndroidManifest.xml:60:13-56
96            android:value="False" />
96-->[:unityLibrary] AndroidManifest.xml:61:13-34
97        <meta-data
97-->[:unityLibrary] AndroidManifest.xml:62:9-64:50
98            android:name="notch.config"
98-->[:unityLibrary] AndroidManifest.xml:63:13-40
99            android:value="portrait|landscape" />
99-->[:unityLibrary] AndroidManifest.xml:64:13-47
100        <meta-data
100-->[:unityLibrary] AndroidManifest.xml:65:9-67:68
101            android:name="unity.build-id"
101-->[:unityLibrary] AndroidManifest.xml:66:13-42
102            android:value="68f35088-c568-4062-8928-ca43d0b65c8d" />
102-->[:unityLibrary] AndroidManifest.xml:67:13-65
103
104        <provider
104-->[:androidx.lifecycle.lifecycle-process-2.4.1:] AndroidManifest.xml:20:5-22:16
105            android:name="androidx.startup.InitializationProvider"
105-->[:androidx.lifecycle.lifecycle-process-2.4.1:] AndroidManifest.xml:20:15-69
106            android:authorities="com.QuadCenGame.PaintHit.androidx-startup"
106-->[:androidx.lifecycle.lifecycle-process-2.4.1:] AndroidManifest.xml:20:70-133
107            android:exported="false" >
107-->[:androidx.lifecycle.lifecycle-process-2.4.1:] AndroidManifest.xml:20:134-158
108            <meta-data
108-->[:androidx.lifecycle.lifecycle-process-2.4.1:] AndroidManifest.xml:21:7-115
109                android:name="androidx.lifecycle.ProcessLifecycleInitializer"
109-->[:androidx.lifecycle.lifecycle-process-2.4.1:] AndroidManifest.xml:21:18-79
110                android:value="androidx.startup" />
110-->[:androidx.lifecycle.lifecycle-process-2.4.1:] AndroidManifest.xml:21:80-112
111            <meta-data
111-->[:androidx.work.work-runtime-2.7.0:] AndroidManifest.xml:25:7-105
112                android:name="androidx.work.WorkManagerInitializer"
112-->[:androidx.work.work-runtime-2.7.0:] AndroidManifest.xml:25:18-69
113                android:value="androidx.startup" />
113-->[:androidx.work.work-runtime-2.7.0:] AndroidManifest.xml:25:70-102
114        </provider>
115
116        <service
116-->[:androidx.room.room-runtime-2.2.5:] AndroidManifest.xml:25:9-28:40
117            android:name="androidx.room.MultiInstanceInvalidationService"
117-->[:androidx.room.room-runtime-2.2.5:] AndroidManifest.xml:26:13-74
118            android:directBootAware="true"
118-->[:androidx.room.room-runtime-2.2.5:] AndroidManifest.xml:27:13-43
119            android:exported="false" />
119-->[:androidx.room.room-runtime-2.2.5:] AndroidManifest.xml:28:13-37
120        <service
120-->[:androidx.work.work-runtime-2.7.0:] AndroidManifest.xml:27:5-229
121            android:name="androidx.work.impl.background.systemalarm.SystemAlarmService"
121-->[:androidx.work.work-runtime-2.7.0:] AndroidManifest.xml:27:14-89
122            android:directBootAware="false"
122-->[:androidx.work.work-runtime-2.7.0:] AndroidManifest.xml:27:90-121
123            android:enabled="@bool/enable_system_alarm_service_default"
123-->[:androidx.work.work-runtime-2.7.0:] AndroidManifest.xml:27:122-181
124            android:exported="false" />
124-->[:androidx.work.work-runtime-2.7.0:] AndroidManifest.xml:27:182-206
125        <service
125-->[:androidx.work.work-runtime-2.7.0:] AndroidManifest.xml:28:5-279
126            android:name="androidx.work.impl.background.systemjob.SystemJobService"
126-->[:androidx.work.work-runtime-2.7.0:] AndroidManifest.xml:28:14-85
127            android:directBootAware="false"
127-->[:androidx.work.work-runtime-2.7.0:] AndroidManifest.xml:28:86-117
128            android:enabled="@bool/enable_system_job_service_default"
128-->[:androidx.work.work-runtime-2.7.0:] AndroidManifest.xml:28:118-175
129            android:exported="true"
129-->[:androidx.work.work-runtime-2.7.0:] AndroidManifest.xml:28:176-199
130            android:permission="android.permission.BIND_JOB_SERVICE" />
130-->[:androidx.work.work-runtime-2.7.0:] AndroidManifest.xml:28:200-256
131        <service
131-->[:androidx.work.work-runtime-2.7.0:] AndroidManifest.xml:29:5-227
132            android:name="androidx.work.impl.foreground.SystemForegroundService"
132-->[:androidx.work.work-runtime-2.7.0:] AndroidManifest.xml:29:14-82
133            android:directBootAware="false"
133-->[:androidx.work.work-runtime-2.7.0:] AndroidManifest.xml:29:83-114
134            android:enabled="@bool/enable_system_foreground_service_default"
134-->[:androidx.work.work-runtime-2.7.0:] AndroidManifest.xml:29:115-179
135            android:exported="false" />
135-->[:androidx.work.work-runtime-2.7.0:] AndroidManifest.xml:29:180-204
136
137        <receiver
137-->[:androidx.work.work-runtime-2.7.0:] AndroidManifest.xml:30:5-193
138            android:name="androidx.work.impl.utils.ForceStopRunnable$BroadcastReceiver"
138-->[:androidx.work.work-runtime-2.7.0:] AndroidManifest.xml:30:15-90
139            android:directBootAware="false"
139-->[:androidx.work.work-runtime-2.7.0:] AndroidManifest.xml:30:91-122
140            android:enabled="true"
140-->[:androidx.work.work-runtime-2.7.0:] AndroidManifest.xml:30:123-145
141            android:exported="false" />
141-->[:androidx.work.work-runtime-2.7.0:] AndroidManifest.xml:30:146-170
142        <receiver
142-->[:androidx.work.work-runtime-2.7.0:] AndroidManifest.xml:31:5-36:16
143            android:name="androidx.work.impl.background.systemalarm.ConstraintProxy$BatteryChargingProxy"
143-->[:androidx.work.work-runtime-2.7.0:] AndroidManifest.xml:31:15-108
144            android:directBootAware="false"
144-->[:androidx.work.work-runtime-2.7.0:] AndroidManifest.xml:31:109-140
145            android:enabled="false"
145-->[:androidx.work.work-runtime-2.7.0:] AndroidManifest.xml:31:141-164
146            android:exported="false" >
146-->[:androidx.work.work-runtime-2.7.0:] AndroidManifest.xml:31:165-189
147            <intent-filter>
147-->[:androidx.work.work-runtime-2.7.0:] AndroidManifest.xml:32:7-35:23
148                <action android:name="android.intent.action.ACTION_POWER_CONNECTED" />
148-->[:androidx.work.work-runtime-2.7.0:] AndroidManifest.xml:33:9-79
148-->[:androidx.work.work-runtime-2.7.0:] AndroidManifest.xml:33:17-76
149                <action android:name="android.intent.action.ACTION_POWER_DISCONNECTED" />
149-->[:androidx.work.work-runtime-2.7.0:] AndroidManifest.xml:34:9-82
149-->[:androidx.work.work-runtime-2.7.0:] AndroidManifest.xml:34:17-79
150            </intent-filter>
151        </receiver>
152        <receiver
152-->[:androidx.work.work-runtime-2.7.0:] AndroidManifest.xml:37:5-42:16
153            android:name="androidx.work.impl.background.systemalarm.ConstraintProxy$BatteryNotLowProxy"
153-->[:androidx.work.work-runtime-2.7.0:] AndroidManifest.xml:37:15-106
154            android:directBootAware="false"
154-->[:androidx.work.work-runtime-2.7.0:] AndroidManifest.xml:37:107-138
155            android:enabled="false"
155-->[:androidx.work.work-runtime-2.7.0:] AndroidManifest.xml:37:139-162
156            android:exported="false" >
156-->[:androidx.work.work-runtime-2.7.0:] AndroidManifest.xml:37:163-187
157            <intent-filter>
157-->[:androidx.work.work-runtime-2.7.0:] AndroidManifest.xml:38:7-41:23
158                <action android:name="android.intent.action.BATTERY_OKAY" />
158-->[:androidx.work.work-runtime-2.7.0:] AndroidManifest.xml:39:9-69
158-->[:androidx.work.work-runtime-2.7.0:] AndroidManifest.xml:39:17-66
159                <action android:name="android.intent.action.BATTERY_LOW" />
159-->[:androidx.work.work-runtime-2.7.0:] AndroidManifest.xml:40:9-68
159-->[:androidx.work.work-runtime-2.7.0:] AndroidManifest.xml:40:17-65
160            </intent-filter>
161        </receiver>
162        <receiver
162-->[:androidx.work.work-runtime-2.7.0:] AndroidManifest.xml:43:5-48:16
163            android:name="androidx.work.impl.background.systemalarm.ConstraintProxy$StorageNotLowProxy"
163-->[:androidx.work.work-runtime-2.7.0:] AndroidManifest.xml:43:15-106
164            android:directBootAware="false"
164-->[:androidx.work.work-runtime-2.7.0:] AndroidManifest.xml:43:107-138
165            android:enabled="false"
165-->[:androidx.work.work-runtime-2.7.0:] AndroidManifest.xml:43:139-162
166            android:exported="false" >
166-->[:androidx.work.work-runtime-2.7.0:] AndroidManifest.xml:43:163-187
167            <intent-filter>
167-->[:androidx.work.work-runtime-2.7.0:] AndroidManifest.xml:44:7-47:23
168                <action android:name="android.intent.action.DEVICE_STORAGE_LOW" />
168-->[:androidx.work.work-runtime-2.7.0:] AndroidManifest.xml:45:9-75
168-->[:androidx.work.work-runtime-2.7.0:] AndroidManifest.xml:45:17-72
169                <action android:name="android.intent.action.DEVICE_STORAGE_OK" />
169-->[:androidx.work.work-runtime-2.7.0:] AndroidManifest.xml:46:9-74
169-->[:androidx.work.work-runtime-2.7.0:] AndroidManifest.xml:46:17-71
170            </intent-filter>
171        </receiver>
172        <receiver
172-->[:androidx.work.work-runtime-2.7.0:] AndroidManifest.xml:49:5-53:16
173            android:name="androidx.work.impl.background.systemalarm.ConstraintProxy$NetworkStateProxy"
173-->[:androidx.work.work-runtime-2.7.0:] AndroidManifest.xml:49:15-105
174            android:directBootAware="false"
174-->[:androidx.work.work-runtime-2.7.0:] AndroidManifest.xml:49:106-137
175            android:enabled="false"
175-->[:androidx.work.work-runtime-2.7.0:] AndroidManifest.xml:49:138-161
176            android:exported="false" >
176-->[:androidx.work.work-runtime-2.7.0:] AndroidManifest.xml:49:162-186
177            <intent-filter>
177-->[:androidx.work.work-runtime-2.7.0:] AndroidManifest.xml:50:7-52:23
178                <action android:name="android.net.conn.CONNECTIVITY_CHANGE" />
178-->[:androidx.work.work-runtime-2.7.0:] AndroidManifest.xml:51:9-71
178-->[:androidx.work.work-runtime-2.7.0:] AndroidManifest.xml:51:17-68
179            </intent-filter>
180        </receiver>
181        <receiver
181-->[:androidx.work.work-runtime-2.7.0:] AndroidManifest.xml:54:5-60:16
182            android:name="androidx.work.impl.background.systemalarm.RescheduleReceiver"
182-->[:androidx.work.work-runtime-2.7.0:] AndroidManifest.xml:54:15-90
183            android:directBootAware="false"
183-->[:androidx.work.work-runtime-2.7.0:] AndroidManifest.xml:54:91-122
184            android:enabled="false"
184-->[:androidx.work.work-runtime-2.7.0:] AndroidManifest.xml:54:123-146
185            android:exported="false" >
185-->[:androidx.work.work-runtime-2.7.0:] AndroidManifest.xml:54:147-171
186            <intent-filter>
186-->[:androidx.work.work-runtime-2.7.0:] AndroidManifest.xml:55:7-59:23
187                <action android:name="android.intent.action.BOOT_COMPLETED" />
187-->[:androidx.work.work-runtime-2.7.0:] AndroidManifest.xml:56:9-71
187-->[:androidx.work.work-runtime-2.7.0:] AndroidManifest.xml:56:17-68
188                <action android:name="android.intent.action.TIME_SET" />
188-->[:androidx.work.work-runtime-2.7.0:] AndroidManifest.xml:57:9-65
188-->[:androidx.work.work-runtime-2.7.0:] AndroidManifest.xml:57:17-62
189                <action android:name="android.intent.action.TIMEZONE_CHANGED" />
189-->[:androidx.work.work-runtime-2.7.0:] AndroidManifest.xml:58:9-73
189-->[:androidx.work.work-runtime-2.7.0:] AndroidManifest.xml:58:17-70
190            </intent-filter>
191        </receiver>
192        <receiver
192-->[:androidx.work.work-runtime-2.7.0:] AndroidManifest.xml:61:5-65:16
193            android:name="androidx.work.impl.background.systemalarm.ConstraintProxyUpdateReceiver"
193-->[:androidx.work.work-runtime-2.7.0:] AndroidManifest.xml:61:15-101
194            android:directBootAware="false"
194-->[:androidx.work.work-runtime-2.7.0:] AndroidManifest.xml:61:102-133
195            android:enabled="@bool/enable_system_alarm_service_default"
195-->[:androidx.work.work-runtime-2.7.0:] AndroidManifest.xml:61:134-193
196            android:exported="false" >
196-->[:androidx.work.work-runtime-2.7.0:] AndroidManifest.xml:61:194-218
197            <intent-filter>
197-->[:androidx.work.work-runtime-2.7.0:] AndroidManifest.xml:62:7-64:23
198                <action android:name="androidx.work.impl.background.systemalarm.UpdateProxies" />
198-->[:androidx.work.work-runtime-2.7.0:] AndroidManifest.xml:63:9-90
198-->[:androidx.work.work-runtime-2.7.0:] AndroidManifest.xml:63:17-87
199            </intent-filter>
200        </receiver>
201        <receiver
201-->[:androidx.work.work-runtime-2.7.0:] AndroidManifest.xml:66:5-70:16
202            android:name="androidx.work.impl.diagnostics.DiagnosticsReceiver"
202-->[:androidx.work.work-runtime-2.7.0:] AndroidManifest.xml:66:15-80
203            android:directBootAware="false"
203-->[:androidx.work.work-runtime-2.7.0:] AndroidManifest.xml:66:81-112
204            android:enabled="true"
204-->[:androidx.work.work-runtime-2.7.0:] AndroidManifest.xml:66:113-135
205            android:exported="true"
205-->[:androidx.work.work-runtime-2.7.0:] AndroidManifest.xml:66:136-159
206            android:permission="android.permission.DUMP" >
206-->[:androidx.work.work-runtime-2.7.0:] AndroidManifest.xml:66:160-204
207            <intent-filter>
207-->[:androidx.work.work-runtime-2.7.0:] AndroidManifest.xml:67:7-69:23
208                <action android:name="androidx.work.diagnostics.REQUEST_DIAGNOSTICS" />
208-->[:androidx.work.work-runtime-2.7.0:] AndroidManifest.xml:68:9-80
208-->[:androidx.work.work-runtime-2.7.0:] AndroidManifest.xml:68:17-77
209            </intent-filter>
210        </receiver> <!-- Include the AdActivity and InAppPurchaseActivity configChanges and themes. -->
211        <activity
211-->[:com.google.android.gms.play-services-ads-lite-21.0.0:] AndroidManifest.xml:40:5-254
212            android:name="com.google.android.gms.ads.AdActivity"
212-->[:com.google.android.gms.play-services-ads-lite-21.0.0:] AndroidManifest.xml:40:15-67
213            android:configChanges="keyboard|keyboardHidden|orientation|screenLayout|uiMode|screenSize|smallestScreenSize"
213-->[:com.google.android.gms.play-services-ads-lite-21.0.0:] AndroidManifest.xml:40:68-177
214            android:exported="false"
214-->[:com.google.android.gms.play-services-ads-lite-21.0.0:] AndroidManifest.xml:40:178-202
215            android:theme="@android:style/Theme.Translucent" />
215-->[:com.google.android.gms.play-services-ads-lite-21.0.0:] AndroidManifest.xml:40:203-251
216
217        <provider
217-->[:com.google.android.gms.play-services-ads-lite-21.0.0:] AndroidManifest.xml:41:5-199
218            android:name="com.google.android.gms.ads.MobileAdsInitProvider"
218-->[:com.google.android.gms.play-services-ads-lite-21.0.0:] AndroidManifest.xml:41:15-78
219            android:authorities="com.QuadCenGame.PaintHit.mobileadsinitprovider"
219-->[:com.google.android.gms.play-services-ads-lite-21.0.0:] AndroidManifest.xml:41:79-147
220            android:exported="false"
220-->[:com.google.android.gms.play-services-ads-lite-21.0.0:] AndroidManifest.xml:41:148-172
221            android:initOrder="100" />
221-->[:com.google.android.gms.play-services-ads-lite-21.0.0:] AndroidManifest.xml:41:173-196
222
223        <service
223-->[:com.google.android.gms.play-services-ads-lite-21.0.0:] AndroidManifest.xml:42:5-116
224            android:name="com.google.android.gms.ads.AdService"
224-->[:com.google.android.gms.play-services-ads-lite-21.0.0:] AndroidManifest.xml:42:14-65
225            android:enabled="true"
225-->[:com.google.android.gms.play-services-ads-lite-21.0.0:] AndroidManifest.xml:42:66-88
226            android:exported="false" />
226-->[:com.google.android.gms.play-services-ads-lite-21.0.0:] AndroidManifest.xml:42:89-113
227
228        <activity
228-->[:com.google.android.gms.play-services-base-18.0.0:] AndroidManifest.xml:20:9-22:45
229            android:name="com.google.android.gms.common.api.GoogleApiActivity"
229-->[:com.google.android.gms.play-services-base-18.0.0:] AndroidManifest.xml:20:19-85
230            android:exported="false"
230-->[:com.google.android.gms.play-services-base-18.0.0:] AndroidManifest.xml:22:19-43
231            android:theme="@android:style/Theme.Translucent.NoTitleBar" />
231-->[:com.google.android.gms.play-services-base-18.0.0:] AndroidManifest.xml:21:19-78
232
233        <meta-data
233-->[:com.google.android.gms.play-services-basement-18.0.0:] AndroidManifest.xml:21:9-23:69
234            android:name="com.google.android.gms.version"
234-->[:com.google.android.gms.play-services-basement-18.0.0:] AndroidManifest.xml:22:13-58
235            android:value="@integer/google_play_services_version" />
235-->[:com.google.android.gms.play-services-basement-18.0.0:] AndroidManifest.xml:23:13-66
236
237        <uses-library
237-->[:unityLibrary:GoogleMobileAdsPlugin.androidlib] AndroidManifest.xml:12:9-14:40
238            android:name="org.apache.http.legacy"
238-->[:unityLibrary:GoogleMobileAdsPlugin.androidlib] AndroidManifest.xml:13:13-50
239            android:required="false" />
239-->[:unityLibrary:GoogleMobileAdsPlugin.androidlib] AndroidManifest.xml:14:13-37
240
241        <meta-data
241-->[:unityLibrary:GoogleMobileAdsPlugin.androidlib] AndroidManifest.xml:16:9-18:70
242            android:name="com.google.android.gms.ads.APPLICATION_ID"
242-->[:unityLibrary:GoogleMobileAdsPlugin.androidlib] AndroidManifest.xml:17:13-69
243            android:value="ca-app-pub-6689356860659400~2246702733" />
243-->[:unityLibrary:GoogleMobileAdsPlugin.androidlib] AndroidManifest.xml:18:13-67
244    </application>
245
246</manifest>